<?xml version="1.0" encoding="UTF-8"?>
<!-- Generated by org.testng.reporters.JUnitReportReporter -->
<testsuite hostname="LAPTOP-K4PALKC0" failures="0" tests="1" name="org.example.PractiseTestNg" time="0.023" errors="0" timestamp="2024-03-31T07:23:14 IST" skipped="0">
  <testcase classname="org.example.PractiseTestNg" name="hello" time="0.023"/>
</testsuite> <!-- org.example.PractiseTestNg -->
